<?xml version="1.0" encoding="UTF-8"?>
<!-- Generated by org.testng.reporters.JUnitReportReporter -->
<testsuite hostname="DESKTOP-RD9HRQ7" failures="0" tests="1" name="salesForce.tests.Leads.LeadsTests" time="34.852" errors="0" timestamp="2022-02-13T15:24:41 EST" skipped="0">
  <testcase classname="salesForce.tests.Leads.LeadsTests" name="tc24" time="34.852"/>
  <system-out/>
</testsuite> <!-- salesForce.tests.Leads.LeadsTests -->
