<?xml version="1.0" encoding="UTF-8"?>
<!-- Generated by org.testng.reporters.JUnitReportReporter -->
<testsuite hostname="DESKTOP-RD9HRQ7" failures="0" tests="1" name="salesForce.tests.contacts.ContactTests" time="23.744" errors="0" timestamp="2022-02-13T17:48:30 EST" skipped="0">
  <testcase classname="salesForce.tests.contacts.ContactTests" name="tc32" time="23.744"/>
  <system-out/>
</testsuite> <!-- salesForce.tests.contacts.ContactTests -->
