<?xml version="1.0" encoding="UTF-8"?>
<!-- Generated by org.testng.reporters.JUnitReportReporter -->
<testsuite hostname="DESKTOP-RD9HRQ7" failures="0" tests="1" name="salesForce.tests.Accounts.CreateAccountTests" time="33.228" errors="0" timestamp="2022-02-12T16:52:15 EST" skipped="0">
  <testcase classname="salesForce.tests.Accounts.CreateAccountTests" name="tc14" time="33.228"/>
  <system-out/>
</testsuite> <!-- salesForce.tests.Accounts.CreateAccountTests -->
