<?xml version="1.0" encoding="UTF-8"?>
<!-- Generated by org.testng.reporters.JUnitReportReporter -->
<testsuite hostname="DESKTOP-RD9HRQ7" failures="0" tests="1" name="salesForce.tests.UserMenuDropDown.UserMenuDropDownTests" time="17.805" errors="0" timestamp="2022-02-11T20:03:42 EST" skipped="0">
  <testcase classname="salesForce.tests.UserMenuDropDown.UserMenuDropDownTests" name="tc09" time="17.805"/>
  <system-out/>
</testsuite> <!-- salesForce.tests.UserMenuDropDown.UserMenuDropDownTests -->
